2022-10-10 16:05:07,041  INFO [main] SauceDemoMaven:32 - Browser is open
2022-10-10 16:05:10,990  INFO [main] SauceDemoMaven:37 - URL is open
2022-10-10 16:05:14,346  INFO [main] SauceDemoMaven:45 - Username entered
2022-10-10 16:05:15,027  INFO [main] SauceDemoMaven:48 - Password entered
2022-10-10 16:05:16,860  INFO [main] SauceDemoMaven:51 - Clicked on login button
2022-10-10 16:05:16,862  INFO [main] SauceDemoMaven:53 - Home page open
2022-10-10 16:05:16,901  INFO [main] SauceDemoMaven:22 - Validations Applied
2022-10-10 16:05:16,959  INFO [main] SauceDemoMaven:28 - Soft assertion executed
2022-10-10 16:05:17,040  INFO [main] SauceDemoMaven:33 - 2nd Hard assertion executed
2022-10-10 16:05:20,730  INFO [main] SauceDemoMaven:60 - Close the browser 
2022-10-10 16:05:20,733  INFO [main] SauceDemoMaven:62 - End Of Program
2022-10-10 16:05:25,863  INFO [main] SauceDemoMaven:32 - Browser is open
2022-10-10 16:05:28,574  INFO [main] SauceDemoMaven:37 - URL is open
2022-10-10 16:05:30,216  INFO [main] SauceDemoMaven:45 - Username entered
2022-10-10 16:05:30,982  INFO [main] SauceDemoMaven:48 - Password entered
2022-10-10 16:05:31,656  INFO [main] SauceDemoMaven:51 - Clicked on login button
2022-10-10 16:05:31,657  INFO [main] SauceDemoMaven:53 - Home page open
2022-10-10 16:05:33,247  INFO [main] SauceDemoMaven:44 - Clicked on menu button
2022-10-10 16:05:33,713  INFO [main] SauceDemoMaven:46 - Clicked on Logout button
2022-10-10 16:05:34,715  INFO [main] SauceDemoMaven:50 - Validations Applied
2022-10-10 16:05:37,605  INFO [main] SauceDemoMaven:60 - Close the browser 
2022-10-10 16:05:37,607  INFO [main] SauceDemoMaven:62 - End Of Program
2022-10-10 16:05:44,217  INFO [main] SauceDemoMaven:32 - Browser is open
2022-10-10 16:05:47,068  INFO [main] SauceDemoMaven:37 - URL is open
2022-10-10 16:05:48,749  INFO [main] SauceDemoMaven:45 - Username entered
2022-10-10 16:05:49,487  INFO [main] SauceDemoMaven:48 - Password entered
2022-10-10 16:05:50,362  INFO [main] SauceDemoMaven:51 - Clicked on login button
2022-10-10 16:05:50,363  INFO [main] SauceDemoMaven:53 - Home page open
2022-10-10 16:05:52,876  INFO [main] SauceDemoMaven:90 - Clicked on filter option
2022-10-10 16:05:52,877  INFO [main] SauceDemoMaven:91 - Name (Z to A) - Filter selected
2022-10-10 16:05:54,880  INFO [main] SauceDemoMaven:95 - Validation Applied
2022-10-10 16:05:57,576  INFO [main] SauceDemoMaven:60 - Close the browser 
2022-10-10 16:05:57,578  INFO [main] SauceDemoMaven:62 - End Of Program
2022-10-10 16:06:02,042  INFO [main] SauceDemoMaven:32 - Browser is open
2022-10-10 16:06:04,763  INFO [main] SauceDemoMaven:37 - URL is open
2022-10-10 16:06:06,832  INFO [main] SauceDemoMaven:45 - Username entered
2022-10-10 16:06:08,353  INFO [main] SauceDemoMaven:48 - Password entered
2022-10-10 16:06:09,580  INFO [main] SauceDemoMaven:51 - Clicked on login button
2022-10-10 16:06:09,581  INFO [main] SauceDemoMaven:53 - Home page open
2022-10-10 16:06:12,651  INFO [main] SauceDemoMaven:68 - Clicked on all Add To Cart Buttons
2022-10-10 16:06:14,654  INFO [main] SauceDemoMaven:72 - Validations Applied
2022-10-10 16:06:17,607  INFO [main] SauceDemoMaven:60 - Close the browser 
2022-10-10 16:06:17,608  INFO [main] SauceDemoMaven:62 - End Of Program
2022-10-10 16:06:23,729  INFO [main] SauceDemoMaven:32 - Browser is open
2022-10-10 16:06:28,383  INFO [main] SauceDemoMaven:37 - URL is open
2022-10-10 16:06:29,873  INFO [main] SauceDemoMaven:45 - Username entered
2022-10-10 16:06:30,927  INFO [main] SauceDemoMaven:48 - Password entered
2022-10-10 16:06:32,188  INFO [main] SauceDemoMaven:51 - Clicked on login button
2022-10-10 16:06:32,189  INFO [main] SauceDemoMaven:53 - Home page open
2022-10-10 16:06:36,103  INFO [main] SauceDemoMaven:114 - Clicked on filter option
2022-10-10 16:06:36,105  INFO [main] SauceDemoMaven:115 - Price(Low to High) - Filter selected
2022-10-10 16:06:38,107  INFO [main] SauceDemoMaven:119 - Validation Applied
2022-10-10 16:06:40,165  INFO [main] SauceDemoMaven:60 - Close the browser 
2022-10-10 16:06:40,167  INFO [main] SauceDemoMaven:62 - End Of Program
2022-10-10 16:06:44,847  INFO [main] SauceDemoMaven:32 - Browser is open
2022-10-10 16:06:47,136  INFO [main] SauceDemoMaven:37 - URL is open
2022-10-10 16:06:49,117  INFO [main] SauceDemoMaven:45 - Username entered
2022-10-10 16:06:50,058  INFO [main] SauceDemoMaven:48 - Password entered
2022-10-10 16:06:51,150  INFO [main] SauceDemoMaven:51 - Clicked on login button
2022-10-10 16:06:51,151  INFO [main] SauceDemoMaven:53 - Home page open
2022-10-10 16:06:53,906  INFO [main] SauceDemoMaven:139 - All products added to cart
2022-10-10 16:06:56,311  INFO [main] SauceDemoMaven:143 - Clicked on cart button
2022-10-10 16:06:58,664  INFO [main] SauceDemoMaven:150 - Clicked on checkout button
2022-10-10 16:07:01,062  INFO [main] SauceDemoMaven:155 - First name entered
2022-10-10 16:07:02,086  INFO [main] SauceDemoMaven:161 - Postal code entered
2022-10-10 16:07:02,544  INFO [main] SauceDemoMaven:164 - Clicked on continue button
2022-10-10 16:07:04,871  INFO [main] SauceDemoMaven:168 - Clicked on finish button
2022-10-10 16:07:06,874  INFO [main] SauceDemoMaven:172 - Validations Applied
2022-10-10 16:07:08,238  INFO [main] SauceDemoMaven:60 - Close the browser 
2022-10-10 16:07:08,239  INFO [main] SauceDemoMaven:62 - End Of Program
2022-10-10 16:09:36,034  INFO [main] SauceDemoMaven:32 - Browser is open
2022-10-10 16:09:38,727  INFO [main] SauceDemoMaven:37 - URL is open
2022-10-10 16:09:40,648  INFO [main] SauceDemoMaven:45 - Username entered
2022-10-10 16:09:41,219  INFO [main] SauceDemoMaven:48 - Password entered
2022-10-10 16:09:42,309  INFO [main] SauceDemoMaven:51 - Clicked on login button
2022-10-10 16:09:42,311  INFO [main] SauceDemoMaven:53 - Home page open
2022-10-10 16:09:42,358  INFO [main] SauceDemoMaven:22 - Validations Applied
2022-10-10 16:09:43,776  INFO [main] SauceDemoMaven:28 - Soft assertion executed
2022-10-10 16:09:43,807  INFO [main] SauceDemoMaven:33 - 2nd Hard assertion executed
2022-10-10 16:09:45,921  INFO [main] SauceDemoMaven:60 - Close the browser 
2022-10-10 16:09:45,923  INFO [main] SauceDemoMaven:62 - End Of Program
2022-10-10 16:09:50,782  INFO [main] SauceDemoMaven:32 - Browser is open
2022-10-10 16:09:53,307  INFO [main] SauceDemoMaven:37 - URL is open
2022-10-10 16:09:54,867  INFO [main] SauceDemoMaven:45 - Username entered
2022-10-10 16:09:55,519  INFO [main] SauceDemoMaven:48 - Password entered
2022-10-10 16:09:56,277  INFO [main] SauceDemoMaven:51 - Clicked on login button
2022-10-10 16:09:56,279  INFO [main] SauceDemoMaven:53 - Home page open
2022-10-10 16:09:58,233  INFO [main] SauceDemoMaven:44 - Clicked on menu button
2022-10-10 16:09:58,554  INFO [main] SauceDemoMaven:46 - Clicked on Logout button
2022-10-10 16:09:59,592  INFO [main] SauceDemoMaven:50 - Validations Applied
2022-10-10 16:10:01,972  INFO [main] SauceDemoMaven:60 - Close the browser 
2022-10-10 16:10:01,974  INFO [main] SauceDemoMaven:62 - End Of Program
2022-10-10 16:10:07,652  INFO [main] SauceDemoMaven:32 - Browser is open
2022-10-10 16:10:10,310  INFO [main] SauceDemoMaven:37 - URL is open
2022-10-10 16:10:11,924  INFO [main] SauceDemoMaven:45 - Username entered
2022-10-10 16:10:12,600  INFO [main] SauceDemoMaven:48 - Password entered
2022-10-10 16:10:13,443  INFO [main] SauceDemoMaven:51 - Clicked on login button
2022-10-10 16:10:13,445  INFO [main] SauceDemoMaven:53 - Home page open
2022-10-10 16:10:15,752  INFO [main] SauceDemoMaven:90 - Clicked on filter option
2022-10-10 16:10:15,754  INFO [main] SauceDemoMaven:91 - Name (Z to A) - Filter selected
2022-10-10 16:10:17,756  INFO [main] SauceDemoMaven:95 - Validation Applied
2022-10-10 16:10:19,764  INFO [main] SauceDemoMaven:60 - Close the browser 
2022-10-10 16:10:19,766  INFO [main] SauceDemoMaven:62 - End Of Program
2022-10-10 16:10:25,439  INFO [main] SauceDemoMaven:32 - Browser is open
2022-10-10 16:10:28,412  INFO [main] SauceDemoMaven:37 - URL is open
2022-10-10 16:10:30,000  INFO [main] SauceDemoMaven:45 - Username entered
2022-10-10 16:10:30,581  INFO [main] SauceDemoMaven:48 - Password entered
2022-10-10 16:10:31,359  INFO [main] SauceDemoMaven:51 - Clicked on login button
2022-10-10 16:10:31,360  INFO [main] SauceDemoMaven:53 - Home page open
2022-10-10 16:10:33,803  INFO [main] SauceDemoMaven:68 - Clicked on all Add To Cart Buttons
2022-10-10 16:10:35,806  INFO [main] SauceDemoMaven:72 - Validations Applied
2022-10-10 16:10:37,796  INFO [main] SauceDemoMaven:60 - Close the browser 
2022-10-10 16:10:37,798  INFO [main] SauceDemoMaven:62 - End Of Program
2022-10-10 16:10:44,308  INFO [main] SauceDemoMaven:32 - Browser is open
2022-10-10 16:10:47,091  INFO [main] SauceDemoMaven:37 - URL is open
2022-10-10 16:10:48,858  INFO [main] SauceDemoMaven:45 - Username entered
2022-10-10 16:10:49,682  INFO [main] SauceDemoMaven:48 - Password entered
2022-10-10 16:10:50,686  INFO [main] SauceDemoMaven:51 - Clicked on login button
2022-10-10 16:10:50,687  INFO [main] SauceDemoMaven:53 - Home page open
2022-10-10 16:10:52,749  INFO [main] SauceDemoMaven:114 - Clicked on filter option
2022-10-10 16:10:52,750  INFO [main] SauceDemoMaven:115 - Price(Low to High) - Filter selected
2022-10-10 16:10:54,754  INFO [main] SauceDemoMaven:119 - Validation Applied
2022-10-10 16:10:56,745  INFO [main] SauceDemoMaven:60 - Close the browser 
2022-10-10 16:10:56,746  INFO [main] SauceDemoMaven:62 - End Of Program
2022-10-10 16:11:03,032  INFO [main] SauceDemoMaven:32 - Browser is open
2022-10-10 16:11:06,109  INFO [main] SauceDemoMaven:37 - URL is open
2022-10-10 16:11:07,782  INFO [main] SauceDemoMaven:45 - Username entered
2022-10-10 16:11:08,751  INFO [main] SauceDemoMaven:48 - Password entered
2022-10-10 16:11:09,974  INFO [main] SauceDemoMaven:51 - Clicked on login button
2022-10-10 16:11:09,976  INFO [main] SauceDemoMaven:53 - Home page open
2022-10-10 16:11:13,598  INFO [main] SauceDemoMaven:139 - All products added to cart
2022-10-10 16:11:16,165  INFO [main] SauceDemoMaven:143 - Clicked on cart button
2022-10-10 16:11:18,637  INFO [main] SauceDemoMaven:150 - Clicked on checkout button
2022-10-10 16:11:21,125  INFO [main] SauceDemoMaven:155 - First name entered
2022-10-10 16:11:22,241  INFO [main] SauceDemoMaven:161 - Postal code entered
2022-10-10 16:11:22,764  INFO [main] SauceDemoMaven:164 - Clicked on continue button
2022-10-10 16:11:25,074  INFO [main] SauceDemoMaven:168 - Clicked on finish button
2022-10-10 16:11:27,077  INFO [main] SauceDemoMaven:172 - Validations Applied
2022-10-10 16:11:30,326  INFO [main] SauceDemoMaven:60 - Close the browser 
2022-10-10 16:11:30,327  INFO [main] SauceDemoMaven:62 - End Of Program
2022-10-10 16:16:22,247  INFO [main] SauceDemoMaven:32 - Browser is open
2022-10-10 16:16:25,200  INFO [main] SauceDemoMaven:37 - URL is open
2022-10-10 16:16:27,100  INFO [main] SauceDemoMaven:45 - Username entered
2022-10-10 16:16:27,775  INFO [main] SauceDemoMaven:48 - Password entered
2022-10-10 16:16:28,749  INFO [main] SauceDemoMaven:51 - Clicked on login button
2022-10-10 16:16:28,751  INFO [main] SauceDemoMaven:53 - Home page open
2022-10-10 16:16:28,795  INFO [main] SauceDemoMaven:22 - Validations Applied
2022-10-10 16:16:30,354  INFO [main] SauceDemoMaven:28 - Soft assertion executed
2022-10-10 16:16:30,378  INFO [main] SauceDemoMaven:33 - 2nd Hard assertion executed
2022-10-10 16:16:32,495  INFO [main] SauceDemoMaven:60 - Close the browser 
2022-10-10 16:16:32,497  INFO [main] SauceDemoMaven:62 - End Of Program
2022-10-10 16:16:36,710  INFO [main] SauceDemoMaven:32 - Browser is open
2022-10-10 16:16:41,424  INFO [main] SauceDemoMaven:37 - URL is open
2022-10-10 16:16:42,992  INFO [main] SauceDemoMaven:45 - Username entered
2022-10-10 16:16:43,643  INFO [main] SauceDemoMaven:48 - Password entered
2022-10-10 16:16:44,508  INFO [main] SauceDemoMaven:51 - Clicked on login button
2022-10-10 16:16:44,509  INFO [main] SauceDemoMaven:53 - Home page open
2022-10-10 16:16:46,408  INFO [main] SauceDemoMaven:44 - Clicked on menu button
2022-10-10 16:16:46,701  INFO [main] SauceDemoMaven:46 - Clicked on Logout button
2022-10-10 16:16:47,704  INFO [main] SauceDemoMaven:50 - Validations Applied
2022-10-10 16:16:49,916  INFO [main] SauceDemoMaven:60 - Close the browser 
2022-10-10 16:16:49,918  INFO [main] SauceDemoMaven:62 - End Of Program
2022-10-10 16:16:54,569  INFO [main] SauceDemoMaven:32 - Browser is open
2022-10-10 16:16:57,037  INFO [main] SauceDemoMaven:37 - URL is open
2022-10-10 16:16:58,861  INFO [main] SauceDemoMaven:45 - Username entered
2022-10-10 16:16:59,668  INFO [main] SauceDemoMaven:48 - Password entered
2022-10-10 16:17:00,985  INFO [main] SauceDemoMaven:51 - Clicked on login button
2022-10-10 16:17:00,986  INFO [main] SauceDemoMaven:53 - Home page open
2022-10-10 16:17:03,359  INFO [main] SauceDemoMaven:90 - Clicked on filter option
2022-10-10 16:17:03,361  INFO [main] SauceDemoMaven:91 - Name (Z to A) - Filter selected
2022-10-10 16:17:05,363  INFO [main] SauceDemoMaven:95 - Validation Applied
2022-10-10 16:17:07,431  INFO [main] SauceDemoMaven:60 - Close the browser 
2022-10-10 16:17:07,433  INFO [main] SauceDemoMaven:62 - End Of Program
2022-10-10 16:17:14,995  INFO [main] SauceDemoMaven:32 - Browser is open
2022-10-10 16:17:17,867  INFO [main] SauceDemoMaven:37 - URL is open
2022-10-10 16:17:19,546  INFO [main] SauceDemoMaven:45 - Username entered
2022-10-10 16:17:20,340  INFO [main] SauceDemoMaven:48 - Password entered
2022-10-10 16:17:22,462  INFO [main] SauceDemoMaven:51 - Clicked on login button
2022-10-10 16:17:22,464  INFO [main] SauceDemoMaven:53 - Home page open
2022-10-10 16:17:24,949  INFO [main] SauceDemoMaven:68 - Clicked on all Add To Cart Buttons
2022-10-10 16:17:26,966  INFO [main] SauceDemoMaven:72 - Validations Applied
2022-10-10 16:17:29,753  INFO [main] SauceDemoMaven:60 - Close the browser 
2022-10-10 16:17:29,754  INFO [main] SauceDemoMaven:62 - End Of Program
2022-10-10 16:17:35,901  INFO [main] SauceDemoMaven:32 - Browser is open
2022-10-10 16:17:39,494  INFO [main] SauceDemoMaven:37 - URL is open
2022-10-10 16:17:41,100  INFO [main] SauceDemoMaven:45 - Username entered
2022-10-10 16:17:41,752  INFO [main] SauceDemoMaven:48 - Password entered
2022-10-10 16:17:43,692  INFO [main] SauceDemoMaven:51 - Clicked on login button
2022-10-10 16:17:43,693  INFO [main] SauceDemoMaven:53 - Home page open
2022-10-10 16:17:46,637  INFO [main] SauceDemoMaven:114 - Clicked on filter option
2022-10-10 16:17:46,639  INFO [main] SauceDemoMaven:115 - Price(Low to High) - Filter selected
2022-10-10 16:17:48,640  INFO [main] SauceDemoMaven:119 - Validation Applied
2022-10-10 16:17:51,015  INFO [main] SauceDemoMaven:60 - Close the browser 
2022-10-10 16:17:51,016  INFO [main] SauceDemoMaven:62 - End Of Program
2022-10-10 16:17:56,378  INFO [main] SauceDemoMaven:32 - Browser is open
2022-10-10 16:17:58,658  INFO [main] SauceDemoMaven:37 - URL is open
2022-10-10 16:18:00,276  INFO [main] SauceDemoMaven:45 - Username entered
2022-10-10 16:18:01,047  INFO [main] SauceDemoMaven:48 - Password entered
2022-10-10 16:18:02,066  INFO [main] SauceDemoMaven:51 - Clicked on login button
2022-10-10 16:18:02,067  INFO [main] SauceDemoMaven:53 - Home page open
2022-10-10 16:18:04,652  INFO [main] SauceDemoMaven:139 - All products added to cart
2022-10-10 16:18:06,967  INFO [main] SauceDemoMaven:143 - Clicked on cart button
2022-10-10 16:18:09,276  INFO [main] SauceDemoMaven:150 - Clicked on checkout button
2022-10-10 16:18:11,704  INFO [main] SauceDemoMaven:155 - First name entered
2022-10-10 16:18:12,823  INFO [main] SauceDemoMaven:161 - Postal code entered
2022-10-10 16:18:13,376  INFO [main] SauceDemoMaven:164 - Clicked on continue button
2022-10-10 16:18:15,685  INFO [main] SauceDemoMaven:168 - Clicked on finish button
2022-10-10 16:18:17,693  INFO [main] SauceDemoMaven:172 - Validations Applied
2022-10-10 16:18:19,354  INFO [main] SauceDemoMaven:60 - Close the browser 
2022-10-10 16:18:19,356  INFO [main] SauceDemoMaven:62 - End Of Program
2022-10-10 16:20:16,875  INFO [main] SauceDemoMaven:32 - Browser is open
2022-10-10 16:20:19,536  INFO [main] SauceDemoMaven:37 - URL is open
2022-10-10 16:20:21,478  INFO [main] SauceDemoMaven:45 - Username entered
2022-10-10 16:20:22,168  INFO [main] SauceDemoMaven:48 - Password entered
2022-10-10 16:20:23,156  INFO [main] SauceDemoMaven:51 - Clicked on login button
2022-10-10 16:20:23,159  INFO [main] SauceDemoMaven:53 - Home page open
2022-10-10 16:20:23,206  INFO [main] SauceDemoMaven:22 - Validations Applied
2022-10-10 16:20:23,283  INFO [main] SauceDemoMaven:28 - Soft assertion executed
2022-10-10 16:20:23,329  INFO [main] SauceDemoMaven:33 - 2nd Hard assertion executed
2022-10-10 16:20:26,493  INFO [main] SauceDemoMaven:60 - Close the browser 
2022-10-10 16:20:26,495  INFO [main] SauceDemoMaven:62 - End Of Program
2022-10-10 16:20:31,546  INFO [main] SauceDemoMaven:32 - Browser is open
2022-10-10 16:20:35,698  INFO [main] SauceDemoMaven:37 - URL is open
2022-10-10 16:20:37,459  INFO [main] SauceDemoMaven:45 - Username entered
2022-10-10 16:20:38,110  INFO [main] SauceDemoMaven:48 - Password entered
2022-10-10 16:20:39,712  INFO [main] SauceDemoMaven:51 - Clicked on login button
2022-10-10 16:20:39,713  INFO [main] SauceDemoMaven:53 - Home page open
2022-10-10 16:20:41,769  INFO [main] SauceDemoMaven:44 - Clicked on menu button
2022-10-10 16:20:42,102  INFO [main] SauceDemoMaven:46 - Clicked on Logout button
2022-10-10 16:20:43,105  INFO [main] SauceDemoMaven:50 - Validations Applied
2022-10-10 16:20:46,245  INFO [main] SauceDemoMaven:60 - Close the browser 
2022-10-10 16:20:46,246  INFO [main] SauceDemoMaven:62 - End Of Program
2022-10-10 16:20:51,834  INFO [main] SauceDemoMaven:32 - Browser is open
2022-10-10 16:20:54,330  INFO [main] SauceDemoMaven:37 - URL is open
2022-10-10 16:20:56,097  INFO [main] SauceDemoMaven:45 - Username entered
2022-10-10 16:20:57,097  INFO [main] SauceDemoMaven:48 - Password entered
2022-10-10 16:20:58,476  INFO [main] SauceDemoMaven:51 - Clicked on login button
2022-10-10 16:20:58,477  INFO [main] SauceDemoMaven:53 - Home page open
2022-10-10 16:21:01,025  INFO [main] SauceDemoMaven:90 - Clicked on filter option
2022-10-10 16:21:01,027  INFO [main] SauceDemoMaven:91 - Name (Z to A) - Filter selected
2022-10-10 16:21:03,029  INFO [main] SauceDemoMaven:95 - Validation Applied
2022-10-10 16:21:05,107  INFO [main] SauceDemoMaven:60 - Close the browser 
2022-10-10 16:21:05,109  INFO [main] SauceDemoMaven:62 - End Of Program
2022-10-10 16:21:12,584  INFO [main] SauceDemoMaven:32 - Browser is open
2022-10-10 16:21:15,071  INFO [main] SauceDemoMaven:37 - URL is open
2022-10-10 16:21:16,750  INFO [main] SauceDemoMaven:45 - Username entered
2022-10-10 16:21:17,334  INFO [main] SauceDemoMaven:48 - Password entered
2022-10-10 16:21:18,149  INFO [main] SauceDemoMaven:51 - Clicked on login button
2022-10-10 16:21:18,151  INFO [main] SauceDemoMaven:53 - Home page open
2022-10-10 16:21:22,624  INFO [main] SauceDemoMaven:68 - Clicked on all Add To Cart Buttons
2022-10-10 16:21:24,627  INFO [main] SauceDemoMaven:72 - Validations Applied
2022-10-10 16:21:26,654  INFO [main] SauceDemoMaven:60 - Close the browser 
2022-10-10 16:21:26,656  INFO [main] SauceDemoMaven:62 - End Of Program
2022-10-10 16:21:32,996  INFO [main] SauceDemoMaven:32 - Browser is open
2022-10-10 16:21:35,621  INFO [main] SauceDemoMaven:37 - URL is open
2022-10-10 16:21:37,304  INFO [main] SauceDemoMaven:45 - Username entered
2022-10-10 16:21:37,870  INFO [main] SauceDemoMaven:48 - Password entered
2022-10-10 16:21:38,729  INFO [main] SauceDemoMaven:51 - Clicked on login button
2022-10-10 16:21:38,731  INFO [main] SauceDemoMaven:53 - Home page open
2022-10-10 16:21:42,734  INFO [main] SauceDemoMaven:114 - Clicked on filter option
2022-10-10 16:21:42,735  INFO [main] SauceDemoMaven:115 - Price(Low to High) - Filter selected
2022-10-10 16:21:44,737  INFO [main] SauceDemoMaven:119 - Validation Applied
2022-10-10 16:21:48,875  INFO [main] SauceDemoMaven:60 - Close the browser 
2022-10-10 16:21:48,877  INFO [main] SauceDemoMaven:62 - End Of Program
2022-10-10 16:21:53,451  INFO [main] SauceDemoMaven:32 - Browser is open
2022-10-10 16:21:55,773  INFO [main] SauceDemoMaven:37 - URL is open
2022-10-10 16:21:57,608  INFO [main] SauceDemoMaven:45 - Username entered
2022-10-10 16:21:58,228  INFO [main] SauceDemoMaven:48 - Password entered
2022-10-10 16:21:59,283  INFO [main] SauceDemoMaven:51 - Clicked on login button
2022-10-10 16:21:59,285  INFO [main] SauceDemoMaven:53 - Home page open
2022-10-10 16:22:02,006  INFO [main] SauceDemoMaven:139 - All products added to cart
2022-10-10 16:22:04,441  INFO [main] SauceDemoMaven:143 - Clicked on cart button
2022-10-10 16:22:06,752  INFO [main] SauceDemoMaven:150 - Clicked on checkout button
2022-10-10 16:22:09,136  INFO [main] SauceDemoMaven:155 - First name entered
2022-10-10 16:22:10,016  INFO [main] SauceDemoMaven:161 - Postal code entered
2022-10-10 16:22:10,522  INFO [main] SauceDemoMaven:164 - Clicked on continue button
2022-10-10 16:22:12,810  INFO [main] SauceDemoMaven:168 - Clicked on finish button
2022-10-10 16:22:14,811  INFO [main] SauceDemoMaven:172 - Validations Applied
2022-10-10 16:22:16,331  INFO [main] SauceDemoMaven:60 - Close the browser 
2022-10-10 16:22:16,332  INFO [main] SauceDemoMaven:62 - End Of Program
2022-10-10 16:32:56,181  INFO [main] SauceDemoMaven:32 - Browser is open
2022-10-10 16:32:59,828  INFO [main] SauceDemoMaven:37 - URL is open
2022-10-10 16:33:00,750  INFO [main] SauceDemoMaven:45 - Username entered
2022-10-10 16:33:01,337  INFO [main] SauceDemoMaven:48 - Password entered
2022-10-10 16:33:03,158  INFO [main] SauceDemoMaven:51 - Clicked on login button
2022-10-10 16:33:03,161  INFO [main] SauceDemoMaven:53 - Home page open
2022-10-10 16:33:03,219  INFO [main] SauceDemoMaven:22 - Validations Applied
2022-10-10 16:33:05,683  INFO [main] SauceDemoMaven:28 - Soft assertion executed
2022-10-10 16:33:05,748  INFO [main] SauceDemoMaven:33 - 2nd Hard assertion executed
2022-10-10 16:33:08,399  INFO [main] SauceDemoMaven:60 - Close the browser 
2022-10-10 16:33:08,403  INFO [main] SauceDemoMaven:62 - End Of Program
2022-10-10 16:33:13,006  INFO [main] SauceDemoMaven:32 - Browser is open
2022-10-10 16:33:15,969  INFO [main] SauceDemoMaven:37 - URL is open
2022-10-10 16:33:16,560  INFO [main] SauceDemoMaven:45 - Username entered
2022-10-10 16:33:17,071  INFO [main] SauceDemoMaven:48 - Password entered
2022-10-10 16:33:19,591  INFO [main] SauceDemoMaven:51 - Clicked on login button
2022-10-10 16:33:19,593  INFO [main] SauceDemoMaven:53 - Home page open
2022-10-10 16:33:21,547  INFO [main] SauceDemoMaven:44 - Clicked on menu button
2022-10-10 16:33:21,793  INFO [main] SauceDemoMaven:46 - Clicked on Logout button
2022-10-10 16:33:21,794  INFO [main] SauceDemoMaven:48 - Validations Applied
2022-10-10 16:33:23,022  INFO [main] SauceDemoMaven:60 - Close the browser 
2022-10-10 16:33:23,024  INFO [main] SauceDemoMaven:62 - End Of Program
2022-10-10 16:33:27,479  INFO [main] SauceDemoMaven:32 - Browser is open
2022-10-10 16:33:30,043  INFO [main] SauceDemoMaven:37 - URL is open
2022-10-10 16:33:31,025  INFO [main] SauceDemoMaven:45 - Username entered
2022-10-10 16:33:33,365  INFO [main] SauceDemoMaven:48 - Password entered
2022-10-10 16:33:36,924  INFO [main] SauceDemoMaven:51 - Clicked on login button
2022-10-10 16:33:36,926  INFO [main] SauceDemoMaven:53 - Home page open
2022-10-10 16:33:40,290  INFO [main] SauceDemoMaven:85 - Clicked on filter option
2022-10-10 16:33:40,291  INFO [main] SauceDemoMaven:86 - Name (Z to A) - Filter selected
2022-10-10 16:33:40,292  INFO [main] SauceDemoMaven:88 - Validation Applied
2022-10-10 16:33:42,094  INFO [main] SauceDemoMaven:60 - Close the browser 
2022-10-10 16:33:42,096  INFO [main] SauceDemoMaven:62 - End Of Program
2022-10-10 16:33:46,936  INFO [main] SauceDemoMaven:32 - Browser is open
2022-10-10 16:33:49,232  INFO [main] SauceDemoMaven:37 - URL is open
2022-10-10 16:33:49,828  INFO [main] SauceDemoMaven:45 - Username entered
2022-10-10 16:33:50,352  INFO [main] SauceDemoMaven:48 - Password entered
2022-10-10 16:33:51,177  INFO [main] SauceDemoMaven:51 - Clicked on login button
2022-10-10 16:33:51,179  INFO [main] SauceDemoMaven:53 - Home page open
2022-10-10 16:33:56,455  INFO [main] SauceDemoMaven:65 - Clicked on all Add To Cart Buttons
2022-10-10 16:33:56,457  INFO [main] SauceDemoMaven:67 - Validations Applied
2022-10-10 16:33:58,124  INFO [main] SauceDemoMaven:60 - Close the browser 
2022-10-10 16:33:58,126  INFO [main] SauceDemoMaven:62 - End Of Program
2022-10-10 16:34:01,897  INFO [main] SauceDemoMaven:32 - Browser is open
2022-10-10 16:34:05,452  INFO [main] SauceDemoMaven:37 - URL is open
2022-10-10 16:34:06,174  INFO [main] SauceDemoMaven:45 - Username entered
2022-10-10 16:34:06,923  INFO [main] SauceDemoMaven:48 - Password entered
2022-10-10 16:34:08,020  INFO [main] SauceDemoMaven:51 - Clicked on login button
2022-10-10 16:34:08,021  INFO [main] SauceDemoMaven:53 - Home page open
2022-10-10 16:34:11,283  INFO [main] SauceDemoMaven:106 - Clicked on filter option
2022-10-10 16:34:11,284  INFO [main] SauceDemoMaven:107 - Price(Low to High) - Filter selected
2022-10-10 16:34:11,285  INFO [main] SauceDemoMaven:109 - Validation Applied
2022-10-10 16:34:13,062  INFO [main] SauceDemoMaven:60 - Close the browser 
2022-10-10 16:34:13,063  INFO [main] SauceDemoMaven:62 - End Of Program
2022-10-10 16:34:16,830  INFO [main] SauceDemoMaven:32 - Browser is open
2022-10-10 16:34:19,144  INFO [main] SauceDemoMaven:37 - URL is open
2022-10-10 16:34:19,804  INFO [main] SauceDemoMaven:45 - Username entered
2022-10-10 16:34:20,434  INFO [main] SauceDemoMaven:48 - Password entered
2022-10-10 16:34:21,385  INFO [main] SauceDemoMaven:51 - Clicked on login button
2022-10-10 16:34:21,386  INFO [main] SauceDemoMaven:53 - Home page open
2022-10-10 16:34:25,723  INFO [main] SauceDemoMaven:129 - All products added to cart
2022-10-10 16:34:26,007  INFO [main] SauceDemoMaven:132 - Clicked on cart button
2022-10-10 16:34:26,358  INFO [main] SauceDemoMaven:137 - Clicked on checkout button
2022-10-10 16:34:26,761  INFO [main] SauceDemoMaven:140 - First name entered
2022-10-10 16:34:27,587  INFO [main] SauceDemoMaven:146 - Postal code entered
2022-10-10 16:34:28,010  INFO [main] SauceDemoMaven:149 - Clicked on continue button
2022-10-10 16:34:28,355  INFO [main] SauceDemoMaven:152 - Clicked on finish button
2022-10-10 16:34:28,356  INFO [main] SauceDemoMaven:154 - Validations Applied
2022-10-10 16:34:30,035  INFO [main] SauceDemoMaven:60 - Close the browser 
2022-10-10 16:34:30,037  INFO [main] SauceDemoMaven:62 - End Of Program
2022-10-10 16:39:51,995  INFO [main] SauceDemoMaven:32 - Browser is open
2022-10-10 16:39:57,515  INFO [main] SauceDemoMaven:37 - URL is open
2022-10-10 16:39:58,204  INFO [main] SauceDemoMaven:45 - Username entered
2022-10-10 16:39:58,603  INFO [main] SauceDemoMaven:48 - Password entered
2022-10-10 16:39:59,637  INFO [main] SauceDemoMaven:51 - Clicked on login button
2022-10-10 16:39:59,639  INFO [main] SauceDemoMaven:53 - Home page open
2022-10-10 16:39:59,684  INFO [main] SauceDemoMaven:22 - Validations Applied
2022-10-10 16:40:04,149  INFO [main] SauceDemoMaven:28 - Soft assertion executed
2022-10-10 16:40:04,220  INFO [main] SauceDemoMaven:33 - 2nd Hard assertion executed
2022-10-10 16:40:05,423  INFO [main] SauceDemoMaven:60 - Close the browser 
2022-10-10 16:40:05,425  INFO [main] SauceDemoMaven:62 - End Of Program
2022-10-10 16:40:12,297  INFO [main] SauceDemoMaven:32 - Browser is open
2022-10-10 16:40:15,117  INFO [main] SauceDemoMaven:37 - URL is open
2022-10-10 16:40:15,850  INFO [main] SauceDemoMaven:45 - Username entered
2022-10-10 16:40:16,366  INFO [main] SauceDemoMaven:48 - Password entered
2022-10-10 16:40:17,394  INFO [main] SauceDemoMaven:51 - Clicked on login button
2022-10-10 16:40:17,396  INFO [main] SauceDemoMaven:53 - Home page open
2022-10-10 16:40:20,839  INFO [main] SauceDemoMaven:43 - Clicked on menu button
2022-10-10 16:40:21,139  INFO [main] SauceDemoMaven:45 - Clicked on Logout button
2022-10-10 16:40:21,140  INFO [main] SauceDemoMaven:47 - Validations Applied
2022-10-10 16:40:22,737  INFO [main] SauceDemoMaven:60 - Close the browser 
2022-10-10 16:40:22,740  INFO [main] SauceDemoMaven:62 - End Of Program
2022-10-10 16:40:28,318  INFO [main] SauceDemoMaven:32 - Browser is open
2022-10-10 16:40:31,110  INFO [main] SauceDemoMaven:37 - URL is open
2022-10-10 16:40:31,682  INFO [main] SauceDemoMaven:45 - Username entered
2022-10-10 16:40:32,229  INFO [main] SauceDemoMaven:48 - Password entered
2022-10-10 16:40:33,827  INFO [main] SauceDemoMaven:51 - Clicked on login button
2022-10-10 16:40:33,832  INFO [main] SauceDemoMaven:53 - Home page open
2022-10-10 16:40:37,834  INFO [main] SauceDemoMaven:84 - Clicked on filter option
2022-10-10 16:40:37,836  INFO [main] SauceDemoMaven:85 - Name (Z to A) - Filter selected
2022-10-10 16:40:37,837  INFO [main] SauceDemoMaven:87 - Validation Applied
2022-10-10 16:40:39,975  INFO [main] SauceDemoMaven:60 - Close the browser 
2022-10-10 16:40:39,977  INFO [main] SauceDemoMaven:62 - End Of Program
2022-10-10 16:40:45,902  INFO [main] SauceDemoMaven:32 - Browser is open
2022-10-10 16:40:48,995  INFO [main] SauceDemoMaven:37 - URL is open
2022-10-10 16:40:49,500  INFO [main] SauceDemoMaven:45 - Username entered
2022-10-10 16:40:49,937  INFO [main] SauceDemoMaven:48 - Password entered
2022-10-10 16:40:50,699  INFO [main] SauceDemoMaven:51 - Clicked on login button
2022-10-10 16:40:50,701  INFO [main] SauceDemoMaven:53 - Home page open
2022-10-10 16:40:56,024  INFO [main] SauceDemoMaven:64 - Clicked on all Add To Cart Buttons
2022-10-10 16:40:56,026  INFO [main] SauceDemoMaven:66 - Validations Applied
2022-10-10 16:40:57,854  INFO [main] SauceDemoMaven:60 - Close the browser 
2022-10-10 16:40:57,856  INFO [main] SauceDemoMaven:62 - End Of Program
2022-10-10 16:41:04,852  INFO [main] SauceDemoMaven:32 - Browser is open
2022-10-10 16:41:07,232  INFO [main] SauceDemoMaven:37 - URL is open
2022-10-10 16:41:07,819  INFO [main] SauceDemoMaven:45 - Username entered
2022-10-10 16:41:08,353  INFO [main] SauceDemoMaven:48 - Password entered
2022-10-10 16:41:10,100  INFO [main] SauceDemoMaven:51 - Clicked on login button
2022-10-10 16:41:10,103  INFO [main] SauceDemoMaven:53 - Home page open
2022-10-10 16:41:13,932  INFO [main] SauceDemoMaven:105 - Clicked on filter option
2022-10-10 16:41:13,933  INFO [main] SauceDemoMaven:106 - Price(Low to High) - Filter selected
2022-10-10 16:41:13,934  INFO [main] SauceDemoMaven:108 - Validation Applied
2022-10-10 16:41:15,825  INFO [main] SauceDemoMaven:60 - Close the browser 
2022-10-10 16:41:15,826  INFO [main] SauceDemoMaven:62 - End Of Program
2022-10-10 16:41:22,289  INFO [main] SauceDemoMaven:32 - Browser is open
2022-10-10 16:41:24,922  INFO [main] SauceDemoMaven:37 - URL is open
2022-10-10 16:41:25,441  INFO [main] SauceDemoMaven:45 - Username entered
2022-10-10 16:41:25,974  INFO [main] SauceDemoMaven:48 - Password entered
2022-10-10 16:41:26,701  INFO [main] SauceDemoMaven:51 - Clicked on login button
2022-10-10 16:41:26,702  INFO [main] SauceDemoMaven:53 - Home page open
2022-10-10 16:41:33,437  INFO [main] SauceDemoMaven:128 - All products added to cart
2022-10-10 16:41:34,229  INFO [main] SauceDemoMaven:131 - Clicked on cart button
2022-10-10 16:41:34,794  INFO [main] SauceDemoMaven:136 - Clicked on checkout button
2022-10-10 16:41:35,314  INFO [main] SauceDemoMaven:139 - First name entered
2022-10-10 16:41:36,680  INFO [main] SauceDemoMaven:145 - Postal code entered
2022-10-10 16:41:37,134  INFO [main] SauceDemoMaven:148 - Clicked on continue button
2022-10-10 16:41:37,470  INFO [main] SauceDemoMaven:151 - Clicked on finish button
2022-10-10 16:41:37,471  INFO [main] SauceDemoMaven:153 - Validations Applied
2022-10-10 16:41:38,839  INFO [main] SauceDemoMaven:60 - Close the browser 
2022-10-10 16:41:38,841  INFO [main] SauceDemoMaven:62 - End Of Program
2022-10-10 20:32:45,566  INFO [main] SauceDemoMaven:32 - Browser is open
2022-10-10 20:32:48,880  INFO [main] SauceDemoMaven:37 - URL is open
2022-10-10 20:32:50,193  INFO [main] SauceDemoMaven:45 - Username entered
2022-10-10 20:32:50,601  INFO [main] SauceDemoMaven:48 - Password entered
2022-10-10 20:32:51,803  INFO [main] SauceDemoMaven:51 - Clicked on login button
2022-10-10 20:32:51,805  INFO [main] SauceDemoMaven:53 - Home page open
2022-10-10 20:32:51,859  INFO [main] SauceDemoMaven:22 - Validations Applied
2022-10-10 20:32:55,008  INFO [main] SauceDemoMaven:28 - Soft assertion executed
2022-10-10 20:32:55,086  INFO [main] SauceDemoMaven:33 - 2nd Hard assertion executed
2022-10-10 20:32:56,070  INFO [main] SauceDemoMaven:60 - Close the browser 
2022-10-10 20:32:56,072  INFO [main] SauceDemoMaven:62 - End Of Program
2022-10-10 20:33:02,772  INFO [main] SauceDemoMaven:32 - Browser is open
2022-10-10 20:33:05,290  INFO [main] SauceDemoMaven:37 - URL is open
2022-10-10 20:33:06,095  INFO [main] SauceDemoMaven:45 - Username entered
2022-10-10 20:33:07,066  INFO [main] SauceDemoMaven:48 - Password entered
2022-10-10 20:33:08,416  INFO [main] SauceDemoMaven:51 - Clicked on login button
2022-10-10 20:33:08,417  INFO [main] SauceDemoMaven:53 - Home page open
2022-10-10 20:33:11,342  INFO [main] SauceDemoMaven:43 - Clicked on menu button
2022-10-10 20:33:11,704  INFO [main] SauceDemoMaven:45 - Clicked on Logout button
2022-10-10 20:33:11,705  INFO [main] SauceDemoMaven:47 - Validations Applied
2022-10-10 20:33:13,284  INFO [main] SauceDemoMaven:60 - Close the browser 
2022-10-10 20:33:13,286  INFO [main] SauceDemoMaven:62 - End Of Program
2022-10-10 20:33:18,789  INFO [main] SauceDemoMaven:32 - Browser is open
2022-10-10 20:33:21,324  INFO [main] SauceDemoMaven:37 - URL is open
2022-10-10 20:33:21,899  INFO [main] SauceDemoMaven:45 - Username entered
2022-10-10 20:33:22,463  INFO [main] SauceDemoMaven:48 - Password entered
2022-10-10 20:33:23,400  INFO [main] SauceDemoMaven:51 - Clicked on login button
2022-10-10 20:33:23,402  INFO [main] SauceDemoMaven:53 - Home page open
2022-10-10 20:33:28,888  INFO [main] SauceDemoMaven:84 - Clicked on filter option
2022-10-10 20:33:28,890  INFO [main] SauceDemoMaven:85 - Name (Z to A) - Filter selected
2022-10-10 20:33:28,891  INFO [main] SauceDemoMaven:87 - Validation Applied
2022-10-10 20:33:31,278  INFO [main] SauceDemoMaven:60 - Close the browser 
2022-10-10 20:33:31,280  INFO [main] SauceDemoMaven:62 - End Of Program
2022-10-10 20:33:38,011  INFO [main] SauceDemoMaven:32 - Browser is open
2022-10-10 20:33:40,629  INFO [main] SauceDemoMaven:37 - URL is open
2022-10-10 20:33:41,231  INFO [main] SauceDemoMaven:45 - Username entered
2022-10-10 20:33:41,784  INFO [main] SauceDemoMaven:48 - Password entered
2022-10-10 20:33:42,645  INFO [main] SauceDemoMaven:51 - Clicked on login button
2022-10-10 20:33:42,647  INFO [main] SauceDemoMaven:53 - Home page open
2022-10-10 20:33:48,530  INFO [main] SauceDemoMaven:64 - Clicked on all Add To Cart Buttons
2022-10-10 20:33:48,531  INFO [main] SauceDemoMaven:66 - Validations Applied
2022-10-10 20:33:50,826  INFO [main] SauceDemoMaven:60 - Close the browser 
2022-10-10 20:33:50,828  INFO [main] SauceDemoMaven:62 - End Of Program
2022-10-10 20:33:56,348  INFO [main] SauceDemoMaven:32 - Browser is open
2022-10-10 20:33:59,184  INFO [main] SauceDemoMaven:37 - URL is open
2022-10-10 20:33:59,857  INFO [main] SauceDemoMaven:45 - Username entered
2022-10-10 20:34:01,114  INFO [main] SauceDemoMaven:48 - Password entered
2022-10-10 20:34:02,112  INFO [main] SauceDemoMaven:51 - Clicked on login button
2022-10-10 20:34:02,113  INFO [main] SauceDemoMaven:53 - Home page open
2022-10-10 20:34:06,344  INFO [main] SauceDemoMaven:105 - Clicked on filter option
2022-10-10 20:34:06,346  INFO [main] SauceDemoMaven:106 - Price(Low to High) - Filter selected
2022-10-10 20:34:06,347  INFO [main] SauceDemoMaven:108 - Validation Applied
2022-10-10 20:34:08,416  INFO [main] SauceDemoMaven:60 - Close the browser 
2022-10-10 20:34:08,417  INFO [main] SauceDemoMaven:62 - End Of Program
2022-10-10 20:34:16,299  INFO [main] SauceDemoMaven:32 - Browser is open
2022-10-10 20:34:19,610  INFO [main] SauceDemoMaven:37 - URL is open
2022-10-10 20:34:20,129  INFO [main] SauceDemoMaven:45 - Username entered
2022-10-10 20:34:20,636  INFO [main] SauceDemoMaven:48 - Password entered
2022-10-10 20:34:21,537  INFO [main] SauceDemoMaven:51 - Clicked on login button
2022-10-10 20:34:21,538  INFO [main] SauceDemoMaven:53 - Home page open
2022-10-10 20:34:30,096  INFO [main] SauceDemoMaven:128 - All products added to cart
2022-10-10 20:34:30,727  INFO [main] SauceDemoMaven:131 - Clicked on cart button
2022-10-10 20:34:31,143  INFO [main] SauceDemoMaven:136 - Clicked on checkout button
2022-10-10 20:34:31,569  INFO [main] SauceDemoMaven:139 - First name entered
2022-10-10 20:34:32,535  INFO [main] SauceDemoMaven:145 - Postal code entered
2022-10-10 20:34:33,124  INFO [main] SauceDemoMaven:148 - Clicked on continue button
2022-10-10 20:34:33,587  INFO [main] SauceDemoMaven:151 - Clicked on finish button
2022-10-10 20:34:33,588  INFO [main] SauceDemoMaven:153 - Validations Applied
2022-10-10 20:34:35,946  INFO [main] SauceDemoMaven:60 - Close the browser 
2022-10-10 20:34:35,947  INFO [main] SauceDemoMaven:62 - End Of Program
2022-10-10 20:40:30,928  INFO [main] SauceDemoMaven:32 - Browser is open
2022-10-10 20:40:33,931  INFO [main] SauceDemoMaven:37 - URL is open
2022-10-10 20:40:34,802  INFO [main] SauceDemoMaven:45 - Username entered
2022-10-10 20:40:35,298  INFO [main] SauceDemoMaven:48 - Password entered
2022-10-10 20:40:36,308  INFO [main] SauceDemoMaven:51 - Clicked on login button
2022-10-10 20:40:36,310  INFO [main] SauceDemoMaven:53 - Home page open
2022-10-10 20:40:36,353  INFO [main] SauceDemoMaven:22 - Validations Applied
2022-10-10 20:40:39,208  INFO [main] SauceDemoMaven:28 - Soft assertion executed
2022-10-10 20:40:39,335  INFO [main] SauceDemoMaven:33 - 2nd Hard assertion executed
2022-10-10 20:40:40,196  INFO [main] SauceDemoMaven:60 - Close the browser 
2022-10-10 20:40:40,198  INFO [main] SauceDemoMaven:62 - End Of Program
2022-10-10 20:40:44,420  INFO [main] SauceDemoMaven:32 - Browser is open
2022-10-10 20:40:46,545  INFO [main] SauceDemoMaven:37 - URL is open
2022-10-10 20:40:47,271  INFO [main] SauceDemoMaven:45 - Username entered
2022-10-10 20:40:48,024  INFO [main] SauceDemoMaven:48 - Password entered
2022-10-10 20:40:48,905  INFO [main] SauceDemoMaven:51 - Clicked on login button
2022-10-10 20:40:48,907  INFO [main] SauceDemoMaven:53 - Home page open
2022-10-10 20:40:53,022  INFO [main] SauceDemoMaven:43 - Clicked on menu button
2022-10-10 20:40:53,365  INFO [main] SauceDemoMaven:45 - Clicked on Logout button
2022-10-10 20:40:53,367  INFO [main] SauceDemoMaven:47 - Validations Applied
2022-10-10 20:40:54,748  INFO [main] SauceDemoMaven:60 - Close the browser 
2022-10-10 20:40:54,750  INFO [main] SauceDemoMaven:62 - End Of Program
2022-10-10 20:40:59,551  INFO [main] SauceDemoMaven:32 - Browser is open
2022-10-10 20:41:02,295  INFO [main] SauceDemoMaven:37 - URL is open
2022-10-10 20:41:02,853  INFO [main] SauceDemoMaven:45 - Username entered
2022-10-10 20:41:03,450  INFO [main] SauceDemoMaven:48 - Password entered
2022-10-10 20:41:04,191  INFO [main] SauceDemoMaven:51 - Clicked on login button
2022-10-10 20:41:04,193  INFO [main] SauceDemoMaven:53 - Home page open
2022-10-10 20:41:09,080  INFO [main] SauceDemoMaven:84 - Clicked on filter option
2022-10-10 20:41:09,081  INFO [main] SauceDemoMaven:85 - Name (Z to A) - Filter selected
2022-10-10 20:41:09,082  INFO [main] SauceDemoMaven:87 - Validation Applied
2022-10-10 20:41:11,556  INFO [main] SauceDemoMaven:60 - Close the browser 
2022-10-10 20:41:11,558  INFO [main] SauceDemoMaven:62 - End Of Program
2022-10-10 20:41:15,927  INFO [main] SauceDemoMaven:32 - Browser is open
2022-10-10 20:41:17,882  INFO [main] SauceDemoMaven:37 - URL is open
2022-10-10 20:41:18,494  INFO [main] SauceDemoMaven:45 - Username entered
2022-10-10 20:41:19,259  INFO [main] SauceDemoMaven:48 - Password entered
2022-10-10 20:41:20,033  INFO [main] SauceDemoMaven:51 - Clicked on login button
2022-10-10 20:41:20,035  INFO [main] SauceDemoMaven:53 - Home page open
2022-10-10 20:41:25,148  INFO [main] SauceDemoMaven:64 - Clicked on all Add To Cart Buttons
2022-10-10 20:41:25,150  INFO [main] SauceDemoMaven:66 - Validations Applied
2022-10-10 20:41:27,195  INFO [main] SauceDemoMaven:60 - Close the browser 
2022-10-10 20:41:27,197  INFO [main] SauceDemoMaven:62 - End Of Program
2022-10-10 20:41:31,545  INFO [main] SauceDemoMaven:32 - Browser is open
2022-10-10 20:41:33,970  INFO [main] SauceDemoMaven:37 - URL is open
2022-10-10 20:41:34,665  INFO [main] SauceDemoMaven:45 - Username entered
2022-10-10 20:41:35,370  INFO [main] SauceDemoMaven:48 - Password entered
2022-10-10 20:41:36,294  INFO [main] SauceDemoMaven:51 - Clicked on login button
2022-10-10 20:41:36,295  INFO [main] SauceDemoMaven:53 - Home page open
2022-10-10 20:41:40,609  INFO [main] SauceDemoMaven:105 - Clicked on filter option
2022-10-10 20:41:40,610  INFO [main] SauceDemoMaven:106 - Price(Low to High) - Filter selected
2022-10-10 20:41:40,612  INFO [main] SauceDemoMaven:108 - Validation Applied
2022-10-10 20:41:42,848  INFO [main] SauceDemoMaven:60 - Close the browser 
2022-10-10 20:41:42,849  INFO [main] SauceDemoMaven:62 - End Of Program
2022-10-10 20:41:47,479  INFO [main] SauceDemoMaven:32 - Browser is open
2022-10-10 20:41:50,674  INFO [main] SauceDemoMaven:37 - URL is open
2022-10-10 20:41:51,200  INFO [main] SauceDemoMaven:45 - Username entered
2022-10-10 20:41:51,975  INFO [main] SauceDemoMaven:48 - Password entered
2022-10-10 20:41:53,429  INFO [main] SauceDemoMaven:51 - Clicked on login button
2022-10-10 20:41:53,431  INFO [main] SauceDemoMaven:53 - Home page open
2022-10-10 20:41:58,090  INFO [main] SauceDemoMaven:128 - All products added to cart
2022-10-10 20:41:58,383  INFO [main] SauceDemoMaven:131 - Clicked on cart button
2022-10-10 20:41:58,666  INFO [main] SauceDemoMaven:136 - Clicked on checkout button
2022-10-10 20:41:59,131  INFO [main] SauceDemoMaven:139 - First name entered
2022-10-10 20:41:59,980  INFO [main] SauceDemoMaven:145 - Postal code entered
2022-10-10 20:42:00,387  INFO [main] SauceDemoMaven:148 - Clicked on continue button
2022-10-10 20:42:00,645  INFO [main] SauceDemoMaven:151 - Clicked on finish button
2022-10-10 20:42:00,646  INFO [main] SauceDemoMaven:153 - Validations Applied
2022-10-10 20:42:02,087  INFO [main] SauceDemoMaven:60 - Close the browser 
2022-10-10 20:42:02,089  INFO [main] SauceDemoMaven:62 - End Of Program
2022-10-10 20:45:36,427  INFO [main] SauceDemoMaven:32 - Browser is open
2022-10-10 20:45:39,398  INFO [main] SauceDemoMaven:37 - URL is open
2022-10-10 20:45:40,281  INFO [main] SauceDemoMaven:45 - Username entered
2022-10-10 20:45:40,964  INFO [main] SauceDemoMaven:48 - Password entered
2022-10-10 20:45:44,094  INFO [main] SauceDemoMaven:51 - Clicked on login button
2022-10-10 20:45:44,096  INFO [main] SauceDemoMaven:53 - Home page open
2022-10-10 20:45:44,153  INFO [main] SauceDemoMaven:22 - Validations Applied
2022-10-10 20:45:45,148  INFO [main] SauceDemoMaven:28 - Soft assertion executed
2022-10-10 20:45:45,178  INFO [main] SauceDemoMaven:33 - 2nd Hard assertion executed
2022-10-10 20:45:46,732  INFO [main] SauceDemoMaven:60 - Close the browser 
2022-10-10 20:45:46,734  INFO [main] SauceDemoMaven:62 - End Of Program
2022-10-10 20:45:51,599  INFO [main] SauceDemoMaven:32 - Browser is open
2022-10-10 20:45:53,973  INFO [main] SauceDemoMaven:37 - URL is open
2022-10-10 20:45:54,879  INFO [main] SauceDemoMaven:45 - Username entered
2022-10-10 20:45:55,481  INFO [main] SauceDemoMaven:48 - Password entered
2022-10-10 20:45:56,489  INFO [main] SauceDemoMaven:51 - Clicked on login button
2022-10-10 20:45:56,491  INFO [main] SauceDemoMaven:53 - Home page open
2022-10-10 20:46:01,069  INFO [main] SauceDemoMaven:43 - Clicked on menu button
2022-10-10 20:46:01,388  INFO [main] SauceDemoMaven:45 - Clicked on Logout button
2022-10-10 20:46:01,390  INFO [main] SauceDemoMaven:47 - Validations Applied
2022-10-10 20:46:03,274  INFO [main] SauceDemoMaven:60 - Close the browser 
2022-10-10 20:46:03,276  INFO [main] SauceDemoMaven:62 - End Of Program
2022-10-10 20:46:08,168  INFO [main] SauceDemoMaven:32 - Browser is open
2022-10-10 20:46:10,957  INFO [main] SauceDemoMaven:37 - URL is open
2022-10-10 20:46:12,089  INFO [main] SauceDemoMaven:45 - Username entered
2022-10-10 20:46:12,642  INFO [main] SauceDemoMaven:48 - Password entered
2022-10-10 20:46:13,783  INFO [main] SauceDemoMaven:51 - Clicked on login button
2022-10-10 20:46:13,784  INFO [main] SauceDemoMaven:53 - Home page open
2022-10-10 20:46:18,372  INFO [main] SauceDemoMaven:84 - Clicked on filter option
2022-10-10 20:46:18,374  INFO [main] SauceDemoMaven:85 - Name (Z to A) - Filter selected
2022-10-10 20:46:18,375  INFO [main] SauceDemoMaven:87 - Validation Applied
2022-10-10 20:46:20,906  INFO [main] SauceDemoMaven:60 - Close the browser 
2022-10-10 20:46:20,907  INFO [main] SauceDemoMaven:62 - End Of Program
2022-10-10 20:46:26,445  INFO [main] SauceDemoMaven:32 - Browser is open
2022-10-10 20:46:28,970  INFO [main] SauceDemoMaven:37 - URL is open
2022-10-10 20:46:29,547  INFO [main] SauceDemoMaven:45 - Username entered
2022-10-10 20:46:30,138  INFO [main] SauceDemoMaven:48 - Password entered
2022-10-10 20:46:32,367  INFO [main] SauceDemoMaven:51 - Clicked on login button
2022-10-10 20:46:32,376  INFO [main] SauceDemoMaven:53 - Home page open
2022-10-10 20:46:36,062  INFO [main] SauceDemoMaven:64 - Clicked on all Add To Cart Buttons
2022-10-10 20:46:36,063  INFO [main] SauceDemoMaven:66 - Validations Applied
2022-10-10 20:46:38,279  INFO [main] SauceDemoMaven:60 - Close the browser 
2022-10-10 20:46:38,281  INFO [main] SauceDemoMaven:62 - End Of Program
2022-10-10 20:46:43,198  INFO [main] SauceDemoMaven:32 - Browser is open
2022-10-10 20:46:45,611  INFO [main] SauceDemoMaven:37 - URL is open
2022-10-10 20:46:46,214  INFO [main] SauceDemoMaven:45 - Username entered
2022-10-10 20:46:46,939  INFO [main] SauceDemoMaven:48 - Password entered
2022-10-10 20:46:47,757  INFO [main] SauceDemoMaven:51 - Clicked on login button
2022-10-10 20:46:47,759  INFO [main] SauceDemoMaven:53 - Home page open
2022-10-10 20:46:51,664  INFO [main] SauceDemoMaven:105 - Clicked on filter option
2022-10-10 20:46:51,666  INFO [main] SauceDemoMaven:106 - Price(Low to High) - Filter selected
2022-10-10 20:46:51,667  INFO [main] SauceDemoMaven:108 - Validation Applied
2022-10-10 20:46:53,814  INFO [main] SauceDemoMaven:60 - Close the browser 
2022-10-10 20:46:53,816  INFO [main] SauceDemoMaven:62 - End Of Program
2022-10-10 20:46:58,362  INFO [main] SauceDemoMaven:32 - Browser is open
2022-10-10 20:47:00,597  INFO [main] SauceDemoMaven:37 - URL is open
2022-10-10 20:47:01,206  INFO [main] SauceDemoMaven:45 - Username entered
2022-10-10 20:47:01,779  INFO [main] SauceDemoMaven:48 - Password entered
2022-10-10 20:47:04,978  INFO [main] SauceDemoMaven:51 - Clicked on login button
2022-10-10 20:47:04,980  INFO [main] SauceDemoMaven:53 - Home page open
2022-10-10 20:47:08,194  INFO [main] SauceDemoMaven:128 - All products added to cart
2022-10-10 20:47:08,541  INFO [main] SauceDemoMaven:131 - Clicked on cart button
2022-10-10 20:47:08,852  INFO [main] SauceDemoMaven:136 - Clicked on checkout button
2022-10-10 20:47:09,295  INFO [main] SauceDemoMaven:139 - First name entered
2022-10-10 20:47:10,182  INFO [main] SauceDemoMaven:145 - Postal code entered
2022-10-10 20:47:10,586  INFO [main] SauceDemoMaven:148 - Clicked on continue button
2022-10-10 20:47:10,859  INFO [main] SauceDemoMaven:151 - Clicked on finish button
2022-10-10 20:47:10,860  INFO [main] SauceDemoMaven:153 - Validations Applied
2022-10-10 20:47:12,218  INFO [main] SauceDemoMaven:60 - Close the browser 
2022-10-10 20:47:12,220  INFO [main] SauceDemoMaven:62 - End Of Program
2022-10-13 20:39:20,093  INFO [main] SauceDemoMaven:32 - Browser is open
2022-10-13 20:39:25,644  INFO [main] SauceDemoMaven:37 - URL is open
2022-10-13 20:39:25,816  INFO [main] SauceDemoMaven:45 - Username entered
2022-10-13 20:39:25,990  INFO [main] SauceDemoMaven:48 - Password entered
2022-10-13 20:39:26,239  INFO [main] SauceDemoMaven:51 - Clicked on login button
2022-10-13 20:39:26,240  INFO [main] SauceDemoMaven:53 - Home page open
2022-10-13 20:39:26,245  INFO [main] SauceDemoMaven:22 - Validations Applied
2022-10-13 20:39:26,554  INFO [main] SauceDemoMaven:28 - Soft assertion executed
2022-10-13 20:39:26,973  INFO [main] SauceDemoMaven:33 - 2nd Hard assertion executed
2022-10-13 20:39:27,555  INFO [main] SauceDemoMaven:60 - Close the browser 
2022-10-13 20:39:27,556  INFO [main] SauceDemoMaven:62 - End Of Program
2022-10-13 20:39:30,609  INFO [main] SauceDemoMaven:32 - Browser is open
2022-10-13 20:39:35,150  INFO [main] SauceDemoMaven:37 - URL is open
2022-10-13 20:39:35,334  INFO [main] SauceDemoMaven:45 - Username entered
2022-10-13 20:39:35,492  INFO [main] SauceDemoMaven:48 - Password entered
2022-10-13 20:39:35,688  INFO [main] SauceDemoMaven:51 - Clicked on login button
2022-10-13 20:39:35,689  INFO [main] SauceDemoMaven:53 - Home page open
2022-10-13 20:39:35,913  INFO [main] SauceDemoMaven:43 - Clicked on menu button
2022-10-13 20:39:36,936  INFO [main] SauceDemoMaven:45 - Clicked on Logout button
2022-10-13 20:39:36,937  INFO [main] SauceDemoMaven:47 - Validations Applied
2022-10-13 20:39:37,413  INFO [main] SauceDemoMaven:60 - Close the browser 
2022-10-13 20:39:37,413  INFO [main] SauceDemoMaven:62 - End Of Program
2022-10-13 20:39:39,067  INFO [main] SauceDemoMaven:32 - Browser is open
2022-10-13 20:39:42,878  INFO [main] SauceDemoMaven:37 - URL is open
2022-10-13 20:39:43,069  INFO [main] SauceDemoMaven:45 - Username entered
2022-10-13 20:39:43,264  INFO [main] SauceDemoMaven:48 - Password entered
2022-10-13 20:39:43,481  INFO [main] SauceDemoMaven:51 - Clicked on login button
2022-10-13 20:39:43,483  INFO [main] SauceDemoMaven:53 - Home page open
2022-10-13 20:39:44,804  INFO [main] SauceDemoMaven:84 - Clicked on filter option
2022-10-13 20:39:44,804  INFO [main] SauceDemoMaven:85 - Name (Z to A) - Filter selected
2022-10-13 20:39:44,805  INFO [main] SauceDemoMaven:87 - Validation Applied
2022-10-13 20:39:45,446  INFO [main] SauceDemoMaven:60 - Close the browser 
2022-10-13 20:39:45,446  INFO [main] SauceDemoMaven:62 - End Of Program
2022-10-13 20:39:46,851  INFO [main] SauceDemoMaven:32 - Browser is open
2022-10-13 20:39:50,571  INFO [main] SauceDemoMaven:37 - URL is open
2022-10-13 20:39:50,811  INFO [main] SauceDemoMaven:45 - Username entered
2022-10-13 20:39:50,964  INFO [main] SauceDemoMaven:48 - Password entered
2022-10-13 20:39:51,141  INFO [main] SauceDemoMaven:51 - Clicked on login button
2022-10-13 20:39:51,141  INFO [main] SauceDemoMaven:53 - Home page open
2022-10-13 20:39:52,761  INFO [main] SauceDemoMaven:64 - Clicked on all Add To Cart Buttons
2022-10-13 20:39:52,762  INFO [main] SauceDemoMaven:66 - Validations Applied
2022-10-13 20:39:53,544  INFO [main] SauceDemoMaven:60 - Close the browser 
2022-10-13 20:39:53,545  INFO [main] SauceDemoMaven:62 - End Of Program
2022-10-13 20:39:55,234  INFO [main] SauceDemoMaven:32 - Browser is open
2022-10-13 20:39:58,980  INFO [main] SauceDemoMaven:37 - URL is open
2022-10-13 20:39:59,244  INFO [main] SauceDemoMaven:45 - Username entered
2022-10-13 20:39:59,409  INFO [main] SauceDemoMaven:48 - Password entered
2022-10-13 20:39:59,603  INFO [main] SauceDemoMaven:51 - Clicked on login button
2022-10-13 20:39:59,604  INFO [main] SauceDemoMaven:53 - Home page open
2022-10-13 20:40:01,175  INFO [main] SauceDemoMaven:105 - Clicked on filter option
2022-10-13 20:40:01,175  INFO [main] SauceDemoMaven:106 - Price(Low to High) - Filter selected
2022-10-13 20:40:01,176  INFO [main] SauceDemoMaven:108 - Validation Applied
2022-10-13 20:40:01,790  INFO [main] SauceDemoMaven:60 - Close the browser 
2022-10-13 20:40:01,791  INFO [main] SauceDemoMaven:62 - End Of Program
2022-10-13 20:40:03,378  INFO [main] SauceDemoMaven:32 - Browser is open
2022-10-13 20:40:07,341  INFO [main] SauceDemoMaven:37 - URL is open
2022-10-13 20:40:07,518  INFO [main] SauceDemoMaven:45 - Username entered
2022-10-13 20:40:07,671  INFO [main] SauceDemoMaven:48 - Password entered
2022-10-13 20:40:07,866  INFO [main] SauceDemoMaven:51 - Clicked on login button
2022-10-13 20:40:07,926  INFO [main] SauceDemoMaven:53 - Home page open
2022-10-13 20:40:09,561  INFO [main] SauceDemoMaven:128 - All products added to cart
2022-10-13 20:40:09,691  INFO [main] SauceDemoMaven:131 - Clicked on cart button
2022-10-13 20:40:09,824  INFO [main] SauceDemoMaven:136 - Clicked on checkout button
2022-10-13 20:40:09,974  INFO [main] SauceDemoMaven:139 - First name entered
2022-10-13 20:40:10,291  INFO [main] SauceDemoMaven:145 - Postal code entered
2022-10-13 20:40:10,477  INFO [main] SauceDemoMaven:148 - Clicked on continue button
2022-10-13 20:40:10,692  INFO [main] SauceDemoMaven:151 - Clicked on finish button
2022-10-13 20:40:10,693  INFO [main] SauceDemoMaven:153 - Validations Applied
2022-10-13 20:40:11,305  INFO [main] SauceDemoMaven:60 - Close the browser 
2022-10-13 20:40:11,306  INFO [main] SauceDemoMaven:62 - End Of Program
2022-10-14 15:04:57,385  INFO [TestNG-test=Test-1] SauceDemoMaven:32 - Browser is open
2022-10-14 15:04:57,385  INFO [TestNG-test=Test-2] SauceDemoMaven:32 - Browser is open
2022-10-14 15:08:43,134  INFO [TestNG-test=Test-1] SauceDemoMaven:32 - Browser is open
2022-10-14 15:08:44,871  INFO [TestNG-test=Test-2] SauceDemoMaven:32 - Browser is open
2022-10-14 15:08:59,581  INFO [TestNG-test=Test-1] SauceDemoMaven:37 - URL is open
2022-10-14 15:09:02,813  INFO [TestNG-test=Test-2] SauceDemoMaven:37 - URL is open
2022-10-14 15:09:05,768  INFO [TestNG-test=Test-1] SauceDemoMaven:45 - Username entered
2022-10-14 15:09:05,843  INFO [TestNG-test=Test-2] SauceDemoMaven:45 - Username entered
2022-10-14 15:09:06,005  INFO [TestNG-test=Test-1] SauceDemoMaven:48 - Password entered
2022-10-14 15:09:06,072  INFO [TestNG-test=Test-2] SauceDemoMaven:48 - Password entered
2022-10-14 15:09:06,429  INFO [TestNG-test=Test-1] SauceDemoMaven:51 - Clicked on login button
2022-10-14 15:09:06,430  INFO [TestNG-test=Test-1] SauceDemoMaven:53 - Home page open
2022-10-14 15:09:06,457  INFO [TestNG-test=Test-1] SauceDemoMaven:22 - Validations Applied
2022-10-14 15:09:06,511  INFO [TestNG-test=Test-2] SauceDemoMaven:51 - Clicked on login button
2022-10-14 15:09:06,512  INFO [TestNG-test=Test-2] SauceDemoMaven:53 - Home page open
2022-10-14 15:09:06,530  INFO [TestNG-test=Test-1] SauceDemoMaven:28 - Soft assertion executed
2022-10-14 15:09:07,594  INFO [TestNG-test=Test-1] SauceDemoMaven:60 - Close the browser 
2022-10-14 15:09:07,595  INFO [TestNG-test=Test-1] SauceDemoMaven:62 - End Of Program
2022-10-14 15:09:12,310  INFO [TestNG-test=Test-1] SauceDemoMaven:32 - Browser is open
2022-10-14 15:09:19,398  INFO [TestNG-test=Test-1] SauceDemoMaven:37 - URL is open
2022-10-14 15:09:19,588  INFO [TestNG-test=Test-1] SauceDemoMaven:45 - Username entered
2022-10-14 15:09:19,760  INFO [TestNG-test=Test-1] SauceDemoMaven:48 - Password entered
2022-10-14 15:09:20,709  INFO [TestNG-test=Test-1] SauceDemoMaven:51 - Clicked on login button
2022-10-14 15:09:20,710  INFO [TestNG-test=Test-1] SauceDemoMaven:53 - Home page open
